<?xml version="1.0" encoding="UTF-8"?>
<!-- Generated by org.testng.reporters.JUnitReportReporter -->
<testsuite skipped="0" hostname="ROHINI-LNV" name="com.homedepot.TestCases.HomeScreenTest" tests="4" failures="0" timestamp="04 Apr 2021 04:37:10 GMT" time="120.762" errors="0">
  <testcase name="findastore_003" time="29.442" classname="com.homedepot.TestCases.HomeScreenTest"/>
  <testcase name="giftcards_004" time="48.508" classname="com.homedepot.TestCases.HomeScreenTest"/>
  <testcase name="searchanitem_tc002" time="20.566" classname="com.homedepot.TestCases.HomeScreenTest"/>
  <testcase name="login_001" time="22.246" classname="com.homedepot.TestCases.HomeScreenTest"/>
</testsuite> <!-- com.homedepot.TestCases.HomeScreenTest -->
